<?xml version="1.0" encoding="UTF-8" ?>
<testsuite tests="7" failures="7" name="com.Maven.tatoc.MavinAutomation.MavenMainTest" time="2.038" errors="0" skipped="0">
  <properties>
[...]
</properties>
  <testcase classname="com.Maven.tatoc.MavinAutomation.MavenMainTest" name="verifyBasicCourseSelection" time="0.012">
    <failure type="java.lang.NullPointerException">java.lang.NullPointerException
	at com.Maven.tatoc.MavinAutomation.BasicCourse.basicCourseSelection(BasicCourse.java:9)
	at com.Maven.tatoc.MavinAutomation.MavenMainTest.verifyBasicCourseSelection(MavenMainTest.java:18)
</failure>
    <system-out>Configuring TestNG with: org.apache.maven.surefire.testng.conf.TestNG652Configurator@6f2b958e
</system-out>
    <system-err>Starting ChromeDriver 2.40.565498 (ea082db3280dd6843ebfb08a625e3eb905c4f5ab) on port 44527
Only local connections are allowed.
Jun 25, 2018 6:31:16 PM org.openqa.selenium.remote.ProtocolHandshake createSession
INFO: Detected dialect: OSS
</system-err>
  </testcase>
  <testcase classname="com.Maven.tatoc.MavinAutomation.MavenMainTest" name="verifyGreenBoxSelected" time="0.001">
    <failure type="java.lang.NullPointerException">java.lang.NullPointerException
	at com.Maven.tatoc.MavinAutomation.GridGate.clickBox(GridGate.java:9)
	at com.Maven.tatoc.MavinAutomation.MavenMainTest.verifyGreenBoxSelected(MavenMainTest.java:23)
</failure>
  </testcase>
  <testcase classname="com.Maven.tatoc.MavinAutomation.MavenMainTest" name="verifyBoxColorSame" time="0.002">
    <failure type="java.lang.NullPointerException">java.lang.NullPointerException
	at com.Maven.tatoc.MavinAutomation.FrameDungeon.colorMatching(FrameDungeon.java:9)
	at com.Maven.tatoc.MavinAutomation.MavenMainTest.verifyBoxColorSame(MavenMainTest.java:28)
</failure>
  </testcase>
  <testcase classname="com.Maven.tatoc.MavinAutomation.MavenMainTest" name="verifyDragPerformed" time="0.008">
    <failure type="java.lang.NullPointerException">java.lang.NullPointerException
	at com.google.common.base.Preconditions.checkNotNull(Preconditions.java:882)
	at org.openqa.selenium.interactions.Actions.&lt;init&gt;(Actions.java:68)
	at com.Maven.tatoc.MavinAutomation.DragAround.drag(DragAround.java:11)
	at com.Maven.tatoc.MavinAutomation.MavenMainTest.verifyDragPerformed(MavenMainTest.java:33)
</failure>
  </testcase>
  <testcase classname="com.Maven.tatoc.MavinAutomation.MavenMainTest" name="verifyTextEnteredInPopupWindow" time="0.005">
    <failure type="java.lang.NullPointerException">java.lang.NullPointerException
	at com.Maven.tatoc.MavinAutomation.PopupWindows.launchPopupWindow(PopupWindows.java:11)
	at com.Maven.tatoc.MavinAutomation.MavenMainTest.verifyTextEnteredInPopupWindow(MavenMainTest.java:38)
</failure>
  </testcase>
  <testcase classname="com.Maven.tatoc.MavinAutomation.MavenMainTest" name="verifyCookieAdded" time="0">
    <failure type="java.lang.NullPointerException">java.lang.NullPointerException
	at com.Maven.tatoc.MavinAutomation.CookieHandling.addCookie(CookieHandling.java:10)
	at com.Maven.tatoc.MavinAutomation.MavenMainTest.verifyCookieAdded(MavenMainTest.java:43)
</failure>
  </testcase>
  <testcase classname="com.Maven.tatoc.MavinAutomation.MavenMainTest" name="closeBrowser" time="2.01">
    <failure type="java.lang.NullPointerException">java.lang.NullPointerException
	at com.Maven.tatoc.MavinAutomation.MavenMainTest.closeBrowser(MavenMainTest.java:57)
</failure>
  </testcase>
</testsuite>