<?xml version="1.0" encoding="UTF-8"?>
<!-- Generated by org.testng.reporters.JUnitXMLReporter -->
<testsuite hostname="LNDB0003" ignored="0" name="Command line test" tests="6" failures="6" timestamp="25 Jun 2018 13:01:20 GMT" time="10.091" errors="0">
  <testcase name="@AfterTest closeBrowser" time="0.0" classname="com.Maven.tatoc.MavinAutomation.MavenMainTest">
    <failure type="java.lang.NullPointerException">
      <![CDATA[java.lang.NullPointerException
	at com.Maven.tatoc.MavinAutomation.MavenMainTest.closeBrowser(MavenMainTest.java:57)
... Removed 32 stack frames]]>
    </failure>
  </testcase> <!-- @AfterTest closeBrowser -->
  <testcase name="verifyBasicCourseSelection" time="0.004" classname="com.Maven.tatoc.MavinAutomation.MavenMainTest">
    <failure type="java.lang.NullPointerException">
      <![CDATA[java.lang.NullPointerException
	at com.Maven.tatoc.MavinAutomation.BasicCourse.basicCourseSelection(BasicCourse.java:9)
	at com.Maven.tatoc.MavinAutomation.MavenMainTest.verifyBasicCourseSelection(MavenMainTest.java:18)
... Removed 34 stack frames]]>
    </failure>
  </testcase> <!-- verifyBasicCourseSelection -->
  <testcase name="verifyGreenBoxSelected" time="0.001" classname="com.Maven.tatoc.MavinAutomation.MavenMainTest">
    <failure type="java.lang.NullPointerException">
      <![CDATA[java.lang.NullPointerException
	at com.Maven.tatoc.MavinAutomation.GridGate.clickBox(GridGate.java:9)
	at com.Maven.tatoc.MavinAutomation.MavenMainTest.verifyGreenBoxSelected(MavenMainTest.java:23)
... Removed 34 stack frames]]>
    </failure>
  </testcase> <!-- verifyGreenBoxSelected -->
  <testcase name="verifyBoxColorSame" time="0.002" classname="com.Maven.tatoc.MavinAutomation.MavenMainTest">
    <failure type="java.lang.NullPointerException">
      <![CDATA[java.lang.NullPointerException
	at com.Maven.tatoc.MavinAutomation.FrameDungeon.colorMatching(FrameDungeon.java:9)
	at com.Maven.tatoc.MavinAutomation.MavenMainTest.verifyBoxColorSame(MavenMainTest.java:28)
... Removed 34 stack frames]]>
    </failure>
  </testcase> <!-- verifyBoxColorSame -->
  <testcase name="verifyDragPerformed" time="0.008" classname="com.Maven.tatoc.MavinAutomation.MavenMainTest">
    <failure type="java.lang.NullPointerException">
      <![CDATA[java.lang.NullPointerException
	at com.google.common.base.Preconditions.checkNotNull(Preconditions.java:882)
	at org.openqa.selenium.interactions.Actions.<init>(Actions.java:68)
	at com.Maven.tatoc.MavinAutomation.DragAround.drag(DragAround.java:11)
	at com.Maven.tatoc.MavinAutomation.MavenMainTest.verifyDragPerformed(MavenMainTest.java:33)
... Removed 34 stack frames]]>
    </failure>
  </testcase> <!-- verifyDragPerformed -->
  <testcase name="verifyTextEnteredInPopupWindow" time="0.001" classname="com.Maven.tatoc.MavinAutomation.MavenMainTest">
    <failure type="java.lang.NullPointerException">
      <![CDATA[java.lang.NullPointerException
	at com.Maven.tatoc.MavinAutomation.PopupWindows.launchPopupWindow(PopupWindows.java:11)
	at com.Maven.tatoc.MavinAutomation.MavenMainTest.verifyTextEnteredInPopupWindow(MavenMainTest.java:38)
... Removed 34 stack frames]]>
    </failure>
  </testcase> <!-- verifyTextEnteredInPopupWindow -->
  <testcase name="verifyCookieAdded" time="0.002" classname="com.Maven.tatoc.MavinAutomation.MavenMainTest">
    <failure type="java.lang.NullPointerException">
      <![CDATA[java.lang.NullPointerException
	at com.Maven.tatoc.MavinAutomation.CookieHandling.addCookie(CookieHandling.java:10)
	at com.Maven.tatoc.MavinAutomation.MavenMainTest.verifyCookieAdded(MavenMainTest.java:43)
... Removed 34 stack frames]]>
    </failure>
  </testcase> <!-- verifyCookieAdded -->
</testsuite> <!-- Command line test -->
