<?xml version="1.0" encoding="UTF-8"?>
<testng-results skipped="0" failed="0" ignored="0" total="6" passed="6">
  <reporter-output>
  </reporter-output>
  <suite name="Default suite" duration-ms="11505" started-at="2018-06-27T09:57:12Z" finished-at="2018-06-27T09:57:24Z">
    <groups>
    </groups>
    <test name="Default test" duration-ms="11505" started-at="2018-06-27T09:57:12Z" finished-at="2018-06-27T09:57:24Z">
      <class name="com.Maven.tatoc.MavinAutomation.MavenMainTest">
        <test-method status="PASS" signature="launchBrowser()[pri:0, instance:com.Maven.tatoc.MavinAutomation.MavenMainTest@2a2d45ba]" name="launchBrowser" is-config="true" duration-ms="7420" started-at="2018-06-27T15:27:12Z" finished-at="2018-06-27T15:27:19Z">
          <reporter-output>
          </reporter-output>
        </test-method> <!-- launchBrowser -->
        <test-method status="PASS" signature="verifyBasicCourseSelection()[pri:0, instance:com.Maven.tatoc.MavinAutomation.MavenMainTest@2a2d45ba]" name="verifyBasicCourseSelection" duration-ms="173" started-at="2018-06-27T15:27:19Z" finished-at="2018-06-27T15:27:20Z">
          <reporter-output>
          </reporter-output>
        </test-method> <!-- verifyBasicCourseSelection -->
        <test-method status="PASS" signature="verifyGreenBoxSelected()[pri:1, instance:com.Maven.tatoc.MavinAutomation.MavenMainTest@2a2d45ba]" name="verifyGreenBoxSelected" duration-ms="296" started-at="2018-06-27T15:27:20Z" finished-at="2018-06-27T15:27:20Z">
          <reporter-output>
          </reporter-output>
        </test-method> <!-- verifyGreenBoxSelected -->
        <test-method status="PASS" signature="verifyBoxColorSame()[pri:2, instance:com.Maven.tatoc.MavinAutomation.MavenMainTest@2a2d45ba]" name="verifyBoxColorSame" duration-ms="717" started-at="2018-06-27T15:27:20Z" finished-at="2018-06-27T15:27:21Z">
          <reporter-output>
          </reporter-output>
        </test-method> <!-- verifyBoxColorSame -->
        <test-method status="PASS" signature="verifyDragPerformed()[pri:3, instance:com.Maven.tatoc.MavinAutomation.MavenMainTest@2a2d45ba]" name="verifyDragPerformed" duration-ms="290" started-at="2018-06-27T15:27:21Z" finished-at="2018-06-27T15:27:21Z">
          <reporter-output>
          </reporter-output>
        </test-method> <!-- verifyDragPerformed -->
        <test-method status="PASS" signature="verifyTextEnteredInPopupWindow()[pri:4, instance:com.Maven.tatoc.MavinAutomation.MavenMainTest@2a2d45ba]" name="verifyTextEnteredInPopupWindow" duration-ms="1536" started-at="2018-06-27T15:27:21Z" finished-at="2018-06-27T15:27:22Z">
          <reporter-output>
          </reporter-output>
        </test-method> <!-- verifyTextEnteredInPopupWindow -->
        <test-method status="PASS" signature="verifyCookieAdded()[pri:5, instance:com.Maven.tatoc.MavinAutomation.MavenMainTest@2a2d45ba]" name="verifyCookieAdded" duration-ms="286" started-at="2018-06-27T15:27:22Z" finished-at="2018-06-27T15:27:23Z">
          <reporter-output>
          </reporter-output>
        </test-method> <!-- verifyCookieAdded -->
        <test-method status="PASS" signature="closeBrowser()[pri:0, instance:com.Maven.tatoc.MavinAutomation.MavenMainTest@2a2d45ba]" name="closeBrowser" is-config="true" duration-ms="747" started-at="2018-06-27T15:27:23Z" finished-at="2018-06-27T15:27:24Z">
          <reporter-output>
          </reporter-output>
        </test-method> <!-- closeBrowser -->
      </class> <!-- com.Maven.tatoc.MavinAutomation.MavenMainTest -->
    </test> <!-- Default test -->
  </suite> <!-- Default suite -->
</testng-results>
