<?xml version="1.0" encoding="UTF-8"?>
<!-- Generated by org.testng.reporters.JUnitXMLReporter -->
<testsuite hostname="LNDB0003" ignored="0" name="Default test" tests="6" failures="0" timestamp="27 Jun 2018 09:57:24 GMT" time="11.505" errors="0">
  <testcase name="verifyBasicCourseSelection" time="0.173" classname="com.Maven.tatoc.MavinAutomation.MavenMainTest"/>
  <testcase name="verifyGreenBoxSelected" time="0.296" classname="com.Maven.tatoc.MavinAutomation.MavenMainTest"/>
  <testcase name="verifyBoxColorSame" time="0.717" classname="com.Maven.tatoc.MavinAutomation.MavenMainTest"/>
  <testcase name="verifyDragPerformed" time="0.29" classname="com.Maven.tatoc.MavinAutomation.MavenMainTest"/>
  <testcase name="verifyTextEnteredInPopupWindow" time="1.536" classname="com.Maven.tatoc.MavinAutomation.MavenMainTest"/>
  <testcase name="verifyCookieAdded" time="0.286" classname="com.Maven.tatoc.MavinAutomation.MavenMainTest"/>
</testsuite> <!-- Default test -->
